<?xml version="1.0" encoding="UTF-8"?>
<!-- Generated by org.testng.reporters.JUnitXMLReporter -->
<testsuite ignored="1" hostname="DESKTOP-STVDEQP" failures="0" tests="1" name="Default test" time="6.092" errors="0" timestamp="2025-03-02T13:19:29 IST">
  <testcase classname="qa.tests.Testcase1" name="verifyValidLgin" time="0.498"/>
  <testcase classname="qa.tests.Testcase1" name="verifyIfLoginPageIsLoaded" time="0.0">
    <ignored/>
  </testcase> <!-- verifyIfLoginPageIsLoaded -->
</testsuite> <!-- Default test -->
