<?xml version="1.0" encoding="UTF-8"?>
<testng-results ignored="0" total="1" passed="1" failed="0" skipped="0">
  <reporter-output>
  </reporter-output>
  <suite started-at="2025-03-02T13:19:23 IST" name="Default suite" finished-at="2025-03-02T13:19:29 IST" duration-ms="6092">
    <groups>
    </groups>
    <test started-at="2025-03-02T13:19:23 IST" name="Default test" finished-at="2025-03-02T13:19:29 IST" duration-ms="6092">
      <class name="qa.tests.Testcase1">
        <test-method is-config="true" signature="beforeTestMethod()[pri:0, instance:qa.tests.Testcase1@15043a2f]" started-at="2025-03-02T13:19:23 IST" name="beforeTestMethod" finished-at="2025-03-02T13:19:23 IST" duration-ms="269" status="PASS">
          <reporter-output>
          </reporter-output>
        </test-method> <!-- beforeTestMethod -->
        <test-method is-config="true" signature="beforeMethodMethod(java.lang.String,java.lang.reflect.Method)[pri:0, instance:qa.tests.Testcase1@15043a2f]" started-at="2025-03-02T13:19:23 IST" name="beforeMethodMethod" finished-at="2025-03-02T13:19:28 IST" duration-ms="4750" status="PASS">
          <params>
            <param index="0">
              <value>
                <![CDATA[chrome]]>
              </value>
            </param>
            <param index="1">
              <value>
                <![CDATA[public void qa.tests.Testcase1.verifyValidLgin()]]>
              </value>
            </param>
          </params>
          <reporter-output>
          </reporter-output>
        </test-method> <!-- beforeMethodMethod -->
        <test-method signature="verifyValidLgin()[pri:0, instance:qa.tests.Testcase1@15043a2f]" started-at="2025-03-02T13:19:28 IST" name="verifyValidLgin" finished-at="2025-03-02T13:19:29 IST" duration-ms="498" status="PASS">
          <reporter-output>
          </reporter-output>
        </test-method> <!-- verifyValidLgin -->
        <test-method is-config="true" signature="afterMethod(org.testng.ITestResult)[pri:0, instance:qa.tests.Testcase1@15043a2f]" started-at="2025-03-02T13:19:29 IST" name="afterMethod" finished-at="2025-03-02T13:19:29 IST" duration-ms="228" status="PASS">
          <params>
            <param index="0">
              <value>
                <![CDATA[[TestResult name=verifyValidLgin status=SUCCESS method=Testcase1.verifyValidLgin()[pri:0, instance:qa.tests.Testcase1@15043a2f] output={null}]]]>
              </value>
            </param>
          </params>
          <reporter-output>
          </reporter-output>
        </test-method> <!-- afterMethod -->
        <test-method is-config="true" signature="afterTest()[pri:0, instance:qa.tests.Testcase1@15043a2f]" started-at="2025-03-02T13:19:29 IST" name="afterTest" finished-at="2025-03-02T13:19:29 IST" duration-ms="301" status="PASS">
          <reporter-output>
          </reporter-output>
        </test-method> <!-- afterTest -->
      </class> <!-- qa.tests.Testcase1 -->
    </test> <!-- Default test -->
  </suite> <!-- Default suite -->
</testng-results>
